<?xml version="1.0" encoding="UTF-8"?>
<!-- Generated by org.testng.reporters.JUnitXMLReporter -->
<testsuite ignored="0" hostname="DESKTOP-CFSKSBJ" failures="1" tests="7" name="TestChrome" time="57.154" errors="0" timestamp="2024-11-03T01:57:06 IST">
  <testcase classname="testCases.TC001_AccountRegistrationTest" name="verify_account_registration" time="2.169"/>
  <testcase classname="testCases.TC002_LoginTest" name="verify_Login" time="11.464">
    <failure type="java.lang.AssertionError" message="Login Falied expected [true] but found [false]">
      <![CDATA[java.lang.AssertionError: Login Falied expected [true] but found [false]
at testCases.TC002_LoginTest.verify_Login(TC002_LoginTest.java:34)
at java.base/java.util.ArrayList.forEach(ArrayList.java:1597)
... Removed 31 stack frames]]>
    </failure>
  </testcase> <!-- verify_Login -->
  <testcase classname="testCases.TC003_LoginDDT" name="verify_LoginDDT" time="1.288"/>
  <testcase classname="testCases.TC003_LoginDDT" name="verify_LoginDDT" time="10.788"/>
  <testcase classname="testCases.TC003_LoginDDT" name="verify_LoginDDT" time="10.836"/>
  <testcase classname="testCases.TC003_LoginDDT" name="verify_LoginDDT" time="11.014"/>
  <testcase classname="testCases.TC003_LoginDDT" name="verify_LoginDDT" time="1.445"/>
</testsuite> <!-- TestChrome -->
